This is pdfTeX, Version 3.14159265-2.6-1.40.17 (TeX Live 2016) (preloaded format=pdflatex 2016.11.23)  26 NOV 2016 15:56
entering extended mode
 restricted \write18 enabled.
 %&-line parsing enabled.
**dedica.tex
(./dedica.tex
LaTeX2e <2016/03/31>
Babel <3.9r> and hyphenation patterns for 83 language(s) loaded.

! LaTeX Error: Missing \begin{document}.

See the LaTeX manual or LaTeX Companion for explanation.
Type  H <return>  for immediate help.
 ...                                              
                                                  
l.3 \begin{flushright}
                      
You're in trouble here.  Try typing  <return>  to proceed.
If that doesn't work, type  X <return>  to quit.


Overfull \hbox (20.0pt too wide) in paragraph at lines 3--3
[] 
 []


Overfull \hbox (17.911pt too wide) in paragraph at lines 4--4
 \OT1/cmr/m/it/10 Alla
 []


Overfull \hbox (16.35547pt too wide) in paragraph at lines 4--4
 \OT1/cmr/m/it/10 mia
 []


Overfull \hbox (34.75536pt too wide) in paragraph at lines 4--4
 \OT1/cmr/m/it/10 famiglia
 []


Overfull \hbox (4.59996pt too wide) in paragraph at lines 4--4
 \OT1/cmr/m/it/10 e
 []


Overfull \hbox (10.22217pt too wide) in paragraph at lines 4--4
 \OT1/cmr/m/it/10 ad
 []


Overfull \hbox (26.98317pt too wide) in paragraph at lines 4--4
 \OT1/cmr/m/it/10 Ilaria,
 []


Overfull \hbox (14.311pt too wide) in paragraph at lines 4--5
 []\OT1/cmr/m/it/10 che
 []


Overfull \hbox (11.24438pt too wide) in paragraph at lines 4--5
 \OT1/cmr/m/it/10 mi
 []


Overfull \hbox (26.57764pt too wide) in paragraph at lines 4--5
 \OT1/cmr/m/it/10 hanno
 []


Overfull \hbox (20.4443pt too wide) in paragraph at lines 4--5
 \OT1/cmr/m/it/10 sem-
 []


Overfull \hbox (13.41655pt too wide) in paragraph at lines 4--5
 \OT1/cmr/m/it/10 pre
 []


Overfull \hbox (43.69972pt too wide) in paragraph at lines 4--5
 \OT1/cmr/m/it/10 sostenuto.
 []

)
! Emergency stop.
<*> dedica.tex
              
*** (job aborted, no legal \end found)

 
Here is how much of TeX's memory you used:
 8 strings out of 493014
 148 string characters out of 6133350
 53601 words of memory out of 5000000
 3650 multiletter control sequences out of 15000+600000
 3986 words of font info for 15 fonts, out of 8000000 for 9000
 1141 hyphenation exceptions out of 8191
 14i,1n,10p,102b,108s stack positions out of 5000i,500n,10000p,200000b,80000s
!  ==> Fatal error occurred, no output PDF file produced!
