\BOOKMARK [0][-]{section*.2}{Introduzione}{}% 1
\BOOKMARK [0][-]{chapter.1}{Objective-C}{}% 2
\BOOKMARK [1][-]{section.1.1}{Cenni\040storici}{chapter.1}% 3
\BOOKMARK [1][-]{section.1.2}{Caratteristiche\040del\040linguaggio}{chapter.1}% 4
\BOOKMARK [2][-]{subsection.1.2.1}{Sintassi}{section.1.2}% 5
\BOOKMARK [2][-]{subsection.1.2.2}{Compilatore}{section.1.2}% 6
\BOOKMARK [2][-]{subsection.1.2.3}{Utilizzo\040in\040iOS\040e\040frameworks\040Cocoa}{section.1.2}% 7
\BOOKMARK [0][-]{chapter.2}{Swift}{}% 8
\BOOKMARK [1][-]{section.2.1}{Cenni\040storici}{chapter.2}% 9
\BOOKMARK [1][-]{section.2.2}{Caratteristiche}{chapter.2}% 10
\BOOKMARK [2][-]{subsection.2.2.1}{Sintassi}{section.2.2}% 11
\BOOKMARK [2][-]{subsection.2.2.2}{Compilatore\040e\040libreria\040standard}{section.2.2}% 12
\BOOKMARK [2][-]{subsection.2.2.3}{Utilizzo\040in\040iOS\040e\040frameworks\040Cocoa}{section.2.2}% 13
\BOOKMARK [0][-]{chapter.3}{Confronto\040tra\040i\040linguaggi\040\(trovare\040un\040titolo\040adeguato\)}{}% 14
\BOOKMARK [1][-]{section.3.1}{Punti\040di\040forza\040e\040debolezze\040di\040Objective-C}{chapter.3}% 15
\BOOKMARK [1][-]{section.3.2}{Punti\040di\040forza\040e\040debolezze\040di\040Swift}{chapter.3}% 16
\BOOKMARK [1][-]{section.3.3}{Confronto\040delle\040performance\040e\040gestione\040della\040memoria}{chapter.3}% 17
\BOOKMARK [0][-]{chapter.4}{Il\040futuro\040della\040piattaforma\040iOS}{}% 18
\BOOKMARK [1][-]{section.4.1}{Quale\040futuro\040per\040i\040due\040linguaggi?}{chapter.4}% 19
\BOOKMARK [0][-]{section*.19}{Conclusioni}{}% 20
\BOOKMARK [0][-]{section*.21}{Ringraziamenti}{}% 21
\BOOKMARK [0][-]{section*.23}{Riferimenti\040bibliografici}{}% 22
\BOOKMARK [0][-]{section*.25}{Appendice}{}% 23
